tutorial-2-mixedprocessing/build/outputs/logs/manifest-merger-debug-report.txt
-- Merging decision tree log ---
manifest
ADDED from samples/tutorial-2-mixedprocessing/AndroidManifest.xml:2:1-34:12
INJECTED from samples/tutorial-2-mixedprocessing/AndroidManifest.xml:2:1-34:12
INJECTED from samples/tutorial-2-mixedprocessing/AndroidManifest.xml:2:1-34:12
INJECTED from samples/tutorial-2-mixedprocessing/AndroidManifest.xml:2:1-34:12
MERGED from [:opencv] AndroidManifest.xml:2:1-11:12
MERGED from [com.android.support:multidex:1.0.3] AndroidManifest.xml:17:1-22:12
MERGED from [com.android.support:appcompat-v7:26.1.0] AndroidManifest.xml:17:1-31:12
MERGED from [io.reactivex.rxjava2:rxandroid:2.1.0] AndroidManifest.xml:15:1-20:12
MERGED from [com.rmtheis:tess-two:9.0.0] AndroidManifest.xml:17:1-26:12
MERGED from [com.android.support:animated-vector-drawable:26.1.0] AndroidManifest.xml:17:1-28:12
MERGED from [com.android.support:support-vector-drawable:26.1.0] AndroidManifest.xml:17:1-28:12
MERGED from [com.android.support:support-v4:26.1.0] AndroidManifest.xml:17:1-31:12
MERGED from [com.android.support:support-media-compat:26.1.0] AndroidManifest.xml:17:1-31:12
MERGED from [com.android.support:support-fragment:26.1.0] AndroidManifest.xml:17:1-31:12
MERGED from [com.android.support:support-core-utils:26.1.0] AndroidManifest.xml:17:1-31:12
MERGED from [com.android.support:support-core-ui:26.1.0] AndroidManifest.xml:17:1-31:12
MERGED from [com.android.support:support-compat:26.1.0] AndroidManifest.xml:17:1-31:12
MERGED from [android.arch.lifecycle:runtime:1.0.0] AndroidManifest.xml:17:1-30:12
INJECTED from samples/tutorial-2-mixedprocessing/AndroidManifest.xml:2:1-34:12
INJECTED from samples/tutorial-2-mixedprocessing/AndroidManifest.xml:2:1-34:12
INJECTED from samples/tutorial-2-mixedprocessing/AndroidManifest.xml:2:1-34:12
	package
		ADDED from samples/tutorial-2-mixedprocessing/AndroidManifest.xml:3:11-49
		INJECTED from samples/tutorial-2-mixedprocessing/AndroidManifest.xml
		INJECTED from samples/tutorial-2-mixedprocessing/AndroidManifest.xml
	android:versionName
		INJECTED from samples/tutorial-2-mixedprocessing/AndroidManifest.xml
		ADDED from samples/tutorial-2-mixedprocessing/AndroidManifest.xml:2:1-34:12
		INJECTED from samples/tutorial-2-mixedprocessing/AndroidManifest.xml
	android:versionCode
		INJECTED from samples/tutorial-2-mixedprocessing/AndroidManifest.xml
		ADDED from samples/tutorial-2-mixedprocessing/AndroidManifest.xml:2:1-34:12
		INJECTED from samples/tutorial-2-mixedprocessing/AndroidManifest.xml
	xmlns:android
		ADDED from samples/tutorial-2-mixedprocessing/AndroidManifest.xml:2:11-69
application
ADDED from samples/tutorial-2-mixedprocessing/AndroidManifest.xml:6:5-19:19
MERGED from [com.android.support:appcompat-v7:26.1.0] AndroidManifest.xml:25:5-29:19
MERGED from [com.android.support:appcompat-v7:26.1.0] AndroidManifest.xml:25:5-29:19
MERGED from [com.android.support:animated-vector-drawable:26.1.0] AndroidManifest.xml:22:5-26:19
MERGED from [com.android.support:animated-vector-drawable:26.1.0] AndroidManifest.xml:22:5-26:19
MERGED from [com.android.support:support-vector-drawable:26.1.0] AndroidManifest.xml:22:5-26:19
MERGED from [com.android.support:support-vector-drawable:26.1.0] AndroidManifest.xml:22:5-26:19
MERGED from [com.android.support:support-v4:26.1.0] AndroidManifest.xml:25:5-29:19
MERGED from [com.android.support:support-v4:26.1.0] AndroidManifest.xml:25:5-29:19
MERGED from [com.android.support:support-media-compat:26.1.0] AndroidManifest.xml:25:5-29:19
MERGED from [com.android.support:support-media-compat:26.1.0] AndroidManifest.xml:25:5-29:19
MERGED from [com.android.support:support-fragment:26.1.0] AndroidManifest.xml:25:5-29:19
MERGED from [com.android.support:support-fragment:26.1.0] AndroidManifest.xml:25:5-29:19
MERGED from [com.android.support:support-core-utils:26.1.0] AndroidManifest.xml:25:5-29:19
MERGED from [com.android.support:support-core-utils:26.1.0] AndroidManifest.xml:25:5-29:19
MERGED from [com.android.support:support-core-ui:26.1.0] AndroidManifest.xml:25:5-29:19
MERGED from [com.android.support:support-core-ui:26.1.0] AndroidManifest.xml:25:5-29:19
MERGED from [com.android.support:support-compat:26.1.0] AndroidManifest.xml:25:5-29:19
MERGED from [com.android.support:support-compat:26.1.0] AndroidManifest.xml:25:5-29:19
MERGED from [android.arch.lifecycle:runtime:1.0.0] AndroidManifest.xml:24:5-28:19
MERGED from [android.arch.lifecycle:runtime:1.0.0] AndroidManifest.xml:24:5-28:19
	android:label
		ADDED from samples/tutorial-2-mixedprocessing/AndroidManifest.xml:8:9-41
	android:icon
		ADDED from samples/tutorial-2-mixedprocessing/AndroidManifest.xml:9:9-38
	android:theme
		ADDED from samples/tutorial-2-mixedprocessing/AndroidManifest.xml:7:9-40
activity#org.opencv.samples.tutorial2.HarishActivity
ADDED from samples/tutorial-2-mixedprocessing/AndroidManifest.xml:11:9-18:20
	android:label
		ADDED from samples/tutorial-2-mixedprocessing/AndroidManifest.xml:12:19-51
	android:configChanges
		ADDED from samples/tutorial-2-mixedprocessing/AndroidManifest.xml:13:19-69
	android:name
		ADDED from samples/tutorial-2-mixedprocessing/AndroidManifest.xml:11:19-49
intent-filter#action:name:android.intent.action.MAIN+category:name:android.intent.category.LAUNCHER
ADDED from samples/tutorial-2-mixedprocessing/AndroidManifest.xml:14:13-17:29
action#android.intent.action.MAIN
ADDED from samples/tutorial-2-mixedprocessing/AndroidManifest.xml:15:17-69
	android:name
		ADDED from samples/tutorial-2-mixedprocessing/AndroidManifest.xml:15:25-66
category#android.intent.category.LAUNCHER
ADDED from samples/tutorial-2-mixedprocessing/AndroidManifest.xml:16:17-77
	android:name
		ADDED from samples/tutorial-2-mixedprocessing/AndroidManifest.xml:16:27-74
supports-screens
ADDED from samples/tutorial-2-mixedprocessing/AndroidManifest.xml:21:5-25:51
	android:largeScreens
		ADDED from samples/tutorial-2-mixedprocessing/AndroidManifest.xml:24:23-50
	android:smallScreens
		ADDED from samples/tutorial-2-mixedprocessing/AndroidManifest.xml:22:23-50
	android:normalScreens
		ADDED from samples/tutorial-2-mixedprocessing/AndroidManifest.xml:23:23-51
	android:resizeable
		ADDED from samples/tutorial-2-mixedprocessing/AndroidManifest.xml:21:23-48
	android:anyDensity
		ADDED from samples/tutorial-2-mixedprocessing/AndroidManifest.xml:25:23-48
uses-permission#android.permission.CAMERA
ADDED from samples/tutorial-2-mixedprocessing/AndroidManifest.xml:27:5-64
	android:name
		ADDED from samples/tutorial-2-mixedprocessing/AndroidManifest.xml:27:22-62
uses-feature#android.hardware.camera
ADDED from samples/tutorial-2-mixedprocessing/AndroidManifest.xml:29:5-84
	android:required
		ADDED from samples/tutorial-2-mixedprocessing/AndroidManifest.xml:29:58-82
	android:name
		ADDED from samples/tutorial-2-mixedprocessing/AndroidManifest.xml:29:19-57
uses-feature#android.hardware.camera.autofocus
ADDED from samples/tutorial-2-mixedprocessing/AndroidManifest.xml:30:5-94
	android:required
		ADDED from samples/tutorial-2-mixedprocessing/AndroidManifest.xml:30:68-92
	android:name
		ADDED from samples/tutorial-2-mixedprocessing/AndroidManifest.xml:30:19-67
uses-feature#android.hardware.camera.front
ADDED from samples/tutorial-2-mixedprocessing/AndroidManifest.xml:31:5-90
	android:required
		ADDED from samples/tutorial-2-mixedprocessing/AndroidManifest.xml:31:64-88
	android:name
		ADDED from samples/tutorial-2-mixedprocessing/AndroidManifest.xml:31:19-63
uses-feature#android.hardware.camera.front.autofocus
ADDED from samples/tutorial-2-mixedprocessing/AndroidManifest.xml:32:5-100
	android:required
		ADDED from samples/tutorial-2-mixedprocessing/AndroidManifest.xml:32:74-98
	android:name
		ADDED from samples/tutorial-2-mixedprocessing/AndroidManifest.xml:32:19-73
uses-sdk
INJECTED from samples/tutorial-2-mixedprocessing/AndroidManifest.xml reason: use-sdk injection requested
INJECTED from samples/tutorial-2-mixedprocessing/AndroidManifest.xml
INJECTED from samples/tutorial-2-mixedprocessing/AndroidManifest.xml
MERGED from [:opencv] AndroidManifest.xml:7:5-9:41
MERGED from [:opencv] AndroidManifest.xml:7:5-9:41
MERGED from [com.android.support:multidex:1.0.3] AndroidManifest.xml:20:5-43
MERGED from [com.android.support:multidex:1.0.3] AndroidManifest.xml:20:5-43
MERGED from [com.android.support:appcompat-v7:26.1.0] AndroidManifest.xml:21:5-23:78
MERGED from [com.android.support:appcompat-v7:26.1.0] AndroidManifest.xml:21:5-23:78
MERGED from [io.reactivex.rxjava2:rxandroid:2.1.0] AndroidManifest.xml:18:5-43
MERGED from [io.reactivex.rxjava2:rxandroid:2.1.0] AndroidManifest.xml:18:5-43
MERGED from [com.rmtheis:tess-two:9.0.0] AndroidManifest.xml:22:5-24:41
MERGED from [com.rmtheis:tess-two:9.0.0] AndroidManifest.xml:22:5-24:41
MERGED from [com.android.support:animated-vector-drawable:26.1.0] AndroidManifest.xml:20:5-44
MERGED from [com.android.support:animated-vector-drawable:26.1.0] AndroidManifest.xml:20:5-44
MERGED from [com.android.support:support-vector-drawable:26.1.0] AndroidManifest.xml:20:5-44
MERGED from [com.android.support:support-vector-drawable:26.1.0] AndroidManifest.xml:20:5-44
MERGED from [com.android.support:support-v4:26.1.0] AndroidManifest.xml:21:5-23:54
MERGED from [com.android.support:support-v4:26.1.0] AndroidManifest.xml:21:5-23:54
MERGED from [com.android.support:support-media-compat:26.1.0] AndroidManifest.xml:21:5-23:63
MERGED from [com.android.support:support-media-compat:26.1.0] AndroidManifest.xml:21:5-23:63
MERGED from [com.android.support:support-fragment:26.1.0] AndroidManifest.xml:21:5-23:60
MERGED from [com.android.support:support-fragment:26.1.0] AndroidManifest.xml:21:5-23:60
MERGED from [com.android.support:support-core-utils:26.1.0] AndroidManifest.xml:21:5-23:61
MERGED from [com.android.support:support-core-utils:26.1.0] AndroidManifest.xml:21:5-23:61
MERGED from [com.android.support:support-core-ui:26.1.0] AndroidManifest.xml:21:5-23:58
MERGED from [com.android.support:support-core-ui:26.1.0] AndroidManifest.xml:21:5-23:58
MERGED from [com.android.support:support-compat:26.1.0] AndroidManifest.xml:21:5-23:58
MERGED from [com.android.support:support-compat:26.1.0] AndroidManifest.xml:21:5-23:58
MERGED from [android.arch.lifecycle:runtime:1.0.0] AndroidManifest.xml:20:5-22:41
MERGED from [android.arch.lifecycle:runtime:1.0.0] AndroidManifest.xml:20:5-22:41
INJECTED from samples/tutorial-2-mixedprocessing/AndroidManifest.xml
INJECTED from samples/tutorial-2-mixedprocessing/AndroidManifest.xml
	tools:overrideLibrary
		ADDED from [com.android.support:appcompat-v7:26.1.0] AndroidManifest.xml:23:9-75
	android:targetSdkVersion
		INJECTED from samples/tutorial-2-mixedprocessing/AndroidManifest.xml
		ADDED from samples/tutorial-2-mixedprocessing/AndroidManifest.xml
		INJECTED from samples/tutorial-2-mixedprocessing/AndroidManifest.xml
	android:minSdkVersion
		INJECTED from samples/tutorial-2-mixedprocessing/AndroidManifest.xml
		ADDED from samples/tutorial-2-mixedprocessing/AndroidManifest.xml
		INJECTED from samples/tutorial-2-mixedprocessing/AndroidManifest.xml
meta-data#android.support.VERSION
ADDED from [com.android.support:appcompat-v7:26.1.0] AndroidManifest.xml:26:9-28:38
MERGED from [com.android.support:animated-vector-drawable:26.1.0] AndroidManifest.xml:23:9-25:38
MERGED from [com.android.support:animated-vector-drawable:26.1.0] AndroidManifest.xml:23:9-25:38
MERGED from [com.android.support:support-vector-drawable:26.1.0] AndroidManifest.xml:23:9-25:38
MERGED from [com.android.support:support-vector-drawable:26.1.0] AndroidManifest.xml:23:9-25:38
MERGED from [com.android.support:support-v4:26.1.0] AndroidManifest.xml:26:9-28:38
MERGED from [com.android.support:support-v4:26.1.0] AndroidManifest.xml:26:9-28:38
MERGED from [com.android.support:support-media-compat:26.1.0] AndroidManifest.xml:26:9-28:38
MERGED from [com.android.support:support-media-compat:26.1.0] AndroidManifest.xml:26:9-28:38
MERGED from [com.android.support:support-fragment:26.1.0] AndroidManifest.xml:26:9-28:38
MERGED from [com.android.support:support-fragment:26.1.0] AndroidManifest.xml:26:9-28:38
MERGED from [com.android.support:support-core-utils:26.1.0] AndroidManifest.xml:26:9-28:38
MERGED from [com.android.support:support-core-utils:26.1.0] AndroidManifest.xml:26:9-28:38
MERGED from [com.android.support:support-core-ui:26.1.0] AndroidManifest.xml:26:9-28:38
MERGED from [com.android.support:support-core-ui:26.1.0] AndroidManifest.xml:26:9-28:38
MERGED from [com.android.support:support-compat:26.1.0] AndroidManifest.xml:26:9-28:38
MERGED from [com.android.support:support-compat:26.1.0] AndroidManifest.xml:26:9-28:38
	android:value
		ADDED from [com.android.support:appcompat-v7:26.1.0] AndroidManifest.xml:28:13-35
	android:name
		ADDED from [com.android.support:appcompat-v7:26.1.0] AndroidManifest.xml:27:13-51
meta-data#android.arch.lifecycle.VERSION
ADDED from [android.arch.lifecycle:runtime:1.0.0] AndroidManifest.xml:25:9-27:47
	android:value
		ADDED from [android.arch.lifecycle:runtime:1.0.0] AndroidManifest.xml:27:13-44
	android:name
		ADDED from [android.arch.lifecycle:runtime:1.0.0] AndroidManifest.xml:26:13-58